----------

Fri Jul 17 2020 00:18:35 GMT-0400 (Eastern Daylight Time)

xcrun: error: invalid active developer path (/Library/Developer/CommandLineTools), missing xcrun at: /Library/Developer/CommandLineTools/usr/bin/xcrun


----------

Fri Jul 17 2020 00:18:35 GMT-0400 (Eastern Daylight Time)

xcrun: error: invalid active developer path (/Library/Developer/CommandLineTools), missing xcrun at: /Library/Developer/CommandLineTools/usr/bin/xcrun


----------

Fri Jul 17 2020 00:18:35 GMT-0400 (Eastern Daylight Time)

xcrun: error: invalid active developer path (/Library/Developer/CommandLineTools), missing xcrun at: /Library/Developer/CommandLineTools/usr/bin/xcrun


----------

Fri Jul 17 2020 00:18:51 GMT-0400 (Eastern Daylight Time)

xcrun: error: invalid active developer path (/Library/Developer/CommandLineTools), missing xcrun at: /Library/Developer/CommandLineTools/usr/bin/xcrun


----------

Fri Jul 17 2020 00:18:51 GMT-0400 (Eastern Daylight Time)

xcrun: error: invalid active developer path (/Library/Developer/CommandLineTools), missing xcrun at: /Library/Developer/CommandLineTools/usr/bin/xcrun


----------

Fri Jul 17 2020 00:18:51 GMT-0400 (Eastern Daylight Time)

xcrun: error: invalid active developer path (/Library/Developer/CommandLineTools), missing xcrun at: /Library/Developer/CommandLineTools/usr/bin/xcrun


----------

Fri Jul 17 2020 00:34:18 GMT-0400 (Eastern Daylight Time)

xcrun: error: invalid active developer path (/Library/Developer/CommandLineTools), missing xcrun at: /Library/Developer/CommandLineTools/usr/bin/xcrun


----------

Fri Jul 17 2020 00:34:18 GMT-0400 (Eastern Daylight Time)

xcrun: error: invalid active developer path (/Library/Developer/CommandLineTools), missing xcrun at: /Library/Developer/CommandLineTools/usr/bin/xcrun


----------

Fri Jul 17 2020 00:34:18 GMT-0400 (Eastern Daylight Time)

xcrun: error: invalid active developer path (/Library/Developer/CommandLineTools), missing xcrun at: /Library/Developer/CommandLineTools/usr/bin/xcrun


----------

Fri Jul 17 2020 01:13:01 GMT-0400 (Eastern Daylight Time)

xcrun: error: invalid active developer path (/Library/Developer/CommandLineTools), missing xcrun at: /Library/Developer/CommandLineTools/usr/bin/xcrun


----------

Fri Jul 17 2020 01:13:01 GMT-0400 (Eastern Daylight Time)

xcrun: error: invalid active developer path (/Library/Developer/CommandLineTools), missing xcrun at: /Library/Developer/CommandLineTools/usr/bin/xcrun


----------

Fri Jul 17 2020 01:13:01 GMT-0400 (Eastern Daylight Time)

xcrun: error: invalid active developer path (/Library/Developer/CommandLineTools), missing xcrun at: /Library/Developer/CommandLineTools/usr/bin/xcrun


----------

Fri Jul 17 2020 01:13:54 GMT-0400 (Eastern Daylight Time)

xcrun: error: invalid active developer path (/Library/Developer/CommandLineTools), missing xcrun at: /Library/Developer/CommandLineTools/usr/bin/xcrun


----------

Fri Jul 17 2020 01:13:54 GMT-0400 (Eastern Daylight Time)

xcrun: error: invalid active developer path (/Library/Developer/CommandLineTools), missing xcrun at: /Library/Developer/CommandLineTools/usr/bin/xcrun


----------

Fri Jul 17 2020 01:13:54 GMT-0400 (Eastern Daylight Time)

xcrun: error: invalid active developer path (/Library/Developer/CommandLineTools), missing xcrun at: /Library/Developer/CommandLineTools/usr/bin/xcrun


----------

Fri Jul 17 2020 01:27:32 GMT-0400 (Eastern Daylight Time)

xcrun: error: invalid active developer path (/Library/Developer/CommandLineTools), missing xcrun at: /Library/Developer/CommandLineTools/usr/bin/xcrun


----------

Fri Jul 17 2020 01:27:32 GMT-0400 (Eastern Daylight Time)

xcrun: error: invalid active developer path (/Library/Developer/CommandLineTools), missing xcrun at: /Library/Developer/CommandLineTools/usr/bin/xcrun
xcrun: error: invalid active developer path (/Library/Developer/CommandLineTools), missing xcrun at: /Library/Developer/CommandLineTools/usr/bin/xcrun


----------

Fri Jul 17 2020 20:11:52 GMT-0400 (Eastern Daylight Time)

xcrun: error: invalid active developer path (/Library/Developer/CommandLineTools), missing xcrun at: /Library/Developer/CommandLineTools/usr/bin/xcrun


----------

Fri Jul 17 2020 20:11:52 GMT-0400 (Eastern Daylight Time)

xcrun: error: invalid active developer path (/Library/Developer/CommandLineTools), missing xcrun at: /Library/Developer/CommandLineTools/usr/bin/xcrun
xcrun: error: invalid active developer path (/Library/Developer/CommandLineTools), missing xcrun at: /Library/Developer/CommandLineTools/usr/bin/xcrun


----------

Sat Jul 25 2020 18:49:39 GMT-0400 (Eastern Daylight Time)

xcrun: error: invalid active developer path (/Library/Developer/CommandLineTools), missing xcrun at: /Library/Developer/CommandLineTools/usr/bin/xcrun


----------

Sat Jul 25 2020 18:49:39 GMT-0400 (Eastern Daylight Time)

xcrun: error: invalid active developer path (/Library/Developer/CommandLineTools), missing xcrun at: /Library/Developer/CommandLineTools/usr/bin/xcrun
xcrun: error: invalid active developer path (/Library/Developer/CommandLineTools), missing xcrun at: /Library/Developer/CommandLineTools/usr/bin/xcrun


----------

Sat Jul 25 2020 20:41:58 GMT-0400 (Eastern Daylight Time)

xcrun: error: invalid active developer path (/Library/Developer/CommandLineTools), missing xcrun at: /Library/Developer/CommandLineTools/usr/bin/xcrun


----------

Sat Jul 25 2020 20:41:58 GMT-0400 (Eastern Daylight Time)

xcrun: error: invalid active developer path (/Library/Developer/CommandLineTools), missing xcrun at: /Library/Developer/CommandLineTools/usr/bin/xcrun


----------

Sat Jul 25 2020 20:41:58 GMT-0400 (Eastern Daylight Time)

xcrun: error: invalid active developer path (/Library/Developer/CommandLineTools), missing xcrun at: /Library/Developer/CommandLineTools/usr/bin/xcrun


----------

Sat Jul 25 2020 21:38:17 GMT-0400 (Eastern Daylight Time)

xcrun: error: invalid active developer path (/Library/Developer/CommandLineTools), missing xcrun at: /Library/Developer/CommandLineTools/usr/bin/xcrun


----------

Sat Jul 25 2020 21:38:17 GMT-0400 (Eastern Daylight Time)

xcrun: error: invalid active developer path (/Library/Developer/CommandLineTools), missing xcrun at: /Library/Developer/CommandLineTools/usr/bin/xcrun


----------

Sat Jul 25 2020 21:38:17 GMT-0400 (Eastern Daylight Time)

xcrun: error: invalid active developer path (/Library/Developer/CommandLineTools), missing xcrun at: /Library/Developer/CommandLineTools/usr/bin/xcrun


----------

Sat Jul 25 2020 21:38:59 GMT-0400 (Eastern Daylight Time)

xcrun: error: invalid active developer path (/Library/Developer/CommandLineTools), missing xcrun at: /Library/Developer/CommandLineTools/usr/bin/xcrun


----------

Sat Jul 25 2020 21:38:59 GMT-0400 (Eastern Daylight Time)

xcrun: error: invalid active developer path (/Library/Developer/CommandLineTools), missing xcrun at: /Library/Developer/CommandLineTools/usr/bin/xcrun


----------

Sat Jul 25 2020 21:38:59 GMT-0400 (Eastern Daylight Time)

xcrun: error: invalid active developer path (/Library/Developer/CommandLineTools), missing xcrun at: /Library/Developer/CommandLineTools/usr/bin/xcrun


----------

Sun Jul 26 2020 01:16:04 GMT-0400 (Eastern Daylight Time)

xcrun: error: invalid active developer path (/Library/Developer/CommandLineTools), missing xcrun at: /Library/Developer/CommandLineTools/usr/bin/xcrun


----------

Sun Jul 26 2020 01:16:04 GMT-0400 (Eastern Daylight Time)

xcrun: error: invalid active developer path (/Library/Developer/CommandLineTools), missing xcrun at: /Library/Developer/CommandLineTools/usr/bin/xcrun


----------

Sun Jul 26 2020 01:16:04 GMT-0400 (Eastern Daylight Time)

xcrun: error: invalid active developer path (/Library/Developer/CommandLineTools), missing xcrun at: /Library/Developer/CommandLineTools/usr/bin/xcrun


----------

Sun Jul 26 2020 01:16:11 GMT-0400 (Eastern Daylight Time)

xcrun: error: invalid active developer path (/Library/Developer/CommandLineTools), missing xcrun at: /Library/Developer/CommandLineTools/usr/bin/xcrun


----------

Sun Jul 26 2020 01:16:11 GMT-0400 (Eastern Daylight Time)

xcrun: error: invalid active developer path (/Library/Developer/CommandLineTools), missing xcrun at: /Library/Developer/CommandLineTools/usr/bin/xcrun


----------

Sun Jul 26 2020 01:16:11 GMT-0400 (Eastern Daylight Time)

xcrun: error: invalid active developer path (/Library/Developer/CommandLineTools), missing xcrun at: /Library/Developer/CommandLineTools/usr/bin/xcrun


----------

Sun Aug 02 2020 14:36:13 GMT-0400 (Eastern Daylight Time)

xcrun: error: invalid active developer path (/Library/Developer/CommandLineTools), missing xcrun at: /Library/Developer/CommandLineTools/usr/bin/xcrun


----------

Sun Aug 02 2020 14:36:13 GMT-0400 (Eastern Daylight Time)

xcrun: error: invalid active developer path (/Library/Developer/CommandLineTools), missing xcrun at: /Library/Developer/CommandLineTools/usr/bin/xcrun


----------

Sun Aug 02 2020 14:36:13 GMT-0400 (Eastern Daylight Time)

xcrun: error: invalid active developer path (/Library/Developer/CommandLineTools), missing xcrun at: /Library/Developer/CommandLineTools/usr/bin/xcrun


----------

Sun Aug 02 2020 18:23:08 GMT-0400 (Eastern Daylight Time)

xcrun: error: invalid active developer path (/Library/Developer/CommandLineTools), missing xcrun at: /Library/Developer/CommandLineTools/usr/bin/xcrun


----------

Sun Aug 02 2020 18:23:08 GMT-0400 (Eastern Daylight Time)

xcrun: error: invalid active developer path (/Library/Developer/CommandLineTools), missing xcrun at: /Library/Developer/CommandLineTools/usr/bin/xcrun


----------

Sun Aug 02 2020 18:23:08 GMT-0400 (Eastern Daylight Time)

xcrun: error: invalid active developer path (/Library/Developer/CommandLineTools), missing xcrun at: /Library/Developer/CommandLineTools/usr/bin/xcrun


----------

Mon Aug 03 2020 00:43:14 GMT-0400 (Eastern Daylight Time)

xcrun: error: invalid active developer path (/Library/Developer/CommandLineTools), missing xcrun at: /Library/Developer/CommandLineTools/usr/bin/xcrun


----------

Mon Aug 03 2020 00:43:14 GMT-0400 (Eastern Daylight Time)

xcrun: error: invalid active developer path (/Library/Developer/CommandLineTools), missing xcrun at: /Library/Developer/CommandLineTools/usr/bin/xcrun
xcrun: error: invalid active developer path (/Library/Developer/CommandLineTools), missing xcrun at: /Library/Developer/CommandLineTools/usr/bin/xcrun


----------

Wed Aug 05 2020 17:58:42 GMT-0400 (Eastern Daylight Time)

xcrun: error: invalid active developer path (/Library/Developer/CommandLineTools), missing xcrun at: /Library/Developer/CommandLineTools/usr/bin/xcrun


----------

Wed Aug 05 2020 17:58:42 GMT-0400 (Eastern Daylight Time)

xcrun: error: invalid active developer path (/Library/Developer/CommandLineTools), missing xcrun at: /Library/Developer/CommandLineTools/usr/bin/xcrun


----------

Wed Aug 05 2020 17:58:42 GMT-0400 (Eastern Daylight Time)

xcrun: error: invalid active developer path (/Library/Developer/CommandLineTools), missing xcrun at: /Library/Developer/CommandLineTools/usr/bin/xcrun


----------

Fri Aug 14 2020 21:57:47 GMT-0400 (Eastern Daylight Time)

xcrun: error: invalid active developer path (/Library/Developer/CommandLineTools), missing xcrun at: /Library/Developer/CommandLineTools/usr/bin/xcrun


----------

Fri Aug 14 2020 21:57:47 GMT-0400 (Eastern Daylight Time)

xcrun: error: invalid active developer path (/Library/Developer/CommandLineTools), missing xcrun at: /Library/Developer/CommandLineTools/usr/bin/xcrun


----------

Fri Aug 14 2020 21:57:47 GMT-0400 (Eastern Daylight Time)

xcrun: error: invalid active developer path (/Library/Developer/CommandLineTools), missing xcrun at: /Library/Developer/CommandLineTools/usr/bin/xcrun


----------

Sat Aug 15 2020 00:10:15 GMT-0400 (Eastern Daylight Time)

xcrun: error: invalid active developer path (/Library/Developer/CommandLineTools), missing xcrun at: /Library/Developer/CommandLineTools/usr/bin/xcrun


----------

Sat Aug 15 2020 00:10:15 GMT-0400 (Eastern Daylight Time)

xcrun: error: invalid active developer path (/Library/Developer/CommandLineTools), missing xcrun at: /Library/Developer/CommandLineTools/usr/bin/xcrun


----------

Sat Aug 15 2020 00:10:15 GMT-0400 (Eastern Daylight Time)

xcrun: error: invalid active developer path (/Library/Developer/CommandLineTools), missing xcrun at: /Library/Developer/CommandLineTools/usr/bin/xcrun


----------

Wed Aug 19 2020 17:51:33 GMT-0400 (Eastern Daylight Time)

xcrun: error: invalid active developer path (/Library/Developer/CommandLineTools), missing xcrun at: /Library/Developer/CommandLineTools/usr/bin/xcrun


----------

Wed Aug 19 2020 17:51:33 GMT-0400 (Eastern Daylight Time)

xcrun: error: invalid active developer path (/Library/Developer/CommandLineTools), missing xcrun at: /Library/Developer/CommandLineTools/usr/bin/xcrun


----------

Wed Aug 19 2020 17:51:33 GMT-0400 (Eastern Daylight Time)

xcrun: error: invalid active developer path (/Library/Developer/CommandLineTools), missing xcrun at: /Library/Developer/CommandLineTools/usr/bin/xcrun


----------

Wed Aug 19 2020 18:25:48 GMT-0400 (Eastern Daylight Time)

xcrun: error: invalid active developer path (/Library/Developer/CommandLineTools), missing xcrun at: /Library/Developer/CommandLineTools/usr/bin/xcrun


----------

Wed Aug 19 2020 18:25:48 GMT-0400 (Eastern Daylight Time)

xcrun: error: invalid active developer path (/Library/Developer/CommandLineTools), missing xcrun at: /Library/Developer/CommandLineTools/usr/bin/xcrun


----------

Wed Aug 19 2020 18:25:48 GMT-0400 (Eastern Daylight Time)

xcrun: error: invalid active developer path (/Library/Developer/CommandLineTools), missing xcrun at: /Library/Developer/CommandLineTools/usr/bin/xcrun


----------

Wed Aug 19 2020 21:23:15 GMT-0400 (Eastern Daylight Time)

xcrun: error: invalid active developer path (/Library/Developer/CommandLineTools), missing xcrun at: /Library/Developer/CommandLineTools/usr/bin/xcrun


----------

Wed Aug 19 2020 21:23:15 GMT-0400 (Eastern Daylight Time)

xcrun: error: invalid active developer path (/Library/Developer/CommandLineTools), missing xcrun at: /Library/Developer/CommandLineTools/usr/bin/xcrun


----------

Wed Aug 19 2020 21:23:15 GMT-0400 (Eastern Daylight Time)

xcrun: error: invalid active developer path (/Library/Developer/CommandLineTools), missing xcrun at: /Library/Developer/CommandLineTools/usr/bin/xcrun


----------

Thu Sep 03 2020 16:55:16 GMT-0400 (Eastern Daylight Time)

xcrun: error: invalid active developer path (/Library/Developer/CommandLineTools), missing xcrun at: /Library/Developer/CommandLineTools/usr/bin/xcrun


----------

Thu Sep 03 2020 16:55:16 GMT-0400 (Eastern Daylight Time)

xcrun: error: invalid active developer path (/Library/Developer/CommandLineTools), missing xcrun at: /Library/Developer/CommandLineTools/usr/bin/xcrun


----------

Thu Sep 03 2020 16:55:16 GMT-0400 (Eastern Daylight Time)

xcrun: error: invalid active developer path (/Library/Developer/CommandLineTools), missing xcrun at: /Library/Developer/CommandLineTools/usr/bin/xcrun


----------

Thu Sep 03 2020 16:57:17 GMT-0400 (Eastern Daylight Time)

xcrun: error: invalid active developer path (/Library/Developer/CommandLineTools), missing xcrun at: /Library/Developer/CommandLineTools/usr/bin/xcrun


----------

Thu Sep 03 2020 16:57:17 GMT-0400 (Eastern Daylight Time)

xcrun: error: invalid active developer path (/Library/Developer/CommandLineTools), missing xcrun at: /Library/Developer/CommandLineTools/usr/bin/xcrun


----------

Thu Sep 03 2020 16:57:17 GMT-0400 (Eastern Daylight Time)

xcrun: error: invalid active developer path (/Library/Developer/CommandLineTools), missing xcrun at: /Library/Developer/CommandLineTools/usr/bin/xcrun


----------

Thu Sep 03 2020 16:58:26 GMT-0400 (Eastern Daylight Time)

xcrun: error: invalid active developer path (/Library/Developer/CommandLineTools), missing xcrun at: /Library/Developer/CommandLineTools/usr/bin/xcrun


----------

Thu Sep 03 2020 16:58:26 GMT-0400 (Eastern Daylight Time)

xcrun: error: invalid active developer path (/Library/Developer/CommandLineTools), missing xcrun at: /Library/Developer/CommandLineTools/usr/bin/xcrun


----------

Thu Sep 03 2020 16:58:26 GMT-0400 (Eastern Daylight Time)

xcrun: error: invalid active developer path (/Library/Developer/CommandLineTools), missing xcrun at: /Library/Developer/CommandLineTools/usr/bin/xcrun


----------

Thu Sep 03 2020 17:59:59 GMT-0400 (Eastern Daylight Time)

xcrun: error: invalid active developer path (/Library/Developer/CommandLineTools), missing xcrun at: /Library/Developer/CommandLineTools/usr/bin/xcrun


----------

Thu Sep 03 2020 17:59:59 GMT-0400 (Eastern Daylight Time)

xcrun: error: invalid active developer path (/Library/Developer/CommandLineTools), missing xcrun at: /Library/Developer/CommandLineTools/usr/bin/xcrun


----------

Thu Sep 03 2020 17:59:59 GMT-0400 (Eastern Daylight Time)

xcrun: error: invalid active developer path (/Library/Developer/CommandLineTools), missing xcrun at: /Library/Developer/CommandLineTools/usr/bin/xcrun


----------

Sat Oct 10 2020 00:02:51 GMT-0400 (Eastern Daylight Time)

xcrun: error: invalid active developer path (/Library/Developer/CommandLineTools), missing xcrun at: /Library/Developer/CommandLineTools/usr/bin/xcrun


----------

Sat Oct 10 2020 00:02:51 GMT-0400 (Eastern Daylight Time)

xcrun: error: invalid active developer path (/Library/Developer/CommandLineTools), missing xcrun at: /Library/Developer/CommandLineTools/usr/bin/xcrun


----------

Sat Oct 10 2020 00:02:51 GMT-0400 (Eastern Daylight Time)

xcrun: error: invalid active developer path (/Library/Developer/CommandLineTools), missing xcrun at: /Library/Developer/CommandLineTools/usr/bin/xcrun


----------

Wed Oct 14 2020 11:49:28 GMT-0400 (Eastern Daylight Time)

xcrun: error: invalid active developer path (/Library/Developer/CommandLineTools), missing xcrun at: /Library/Developer/CommandLineTools/usr/bin/xcrun


----------

Wed Oct 14 2020 11:49:28 GMT-0400 (Eastern Daylight Time)

xcrun: error: invalid active developer path (/Library/Developer/CommandLineTools), missing xcrun at: /Library/Developer/CommandLineTools/usr/bin/xcrun


----------

Wed Oct 14 2020 11:49:28 GMT-0400 (Eastern Daylight Time)

xcrun: error: invalid active developer path (/Library/Developer/CommandLineTools), missing xcrun at: /Library/Developer/CommandLineTools/usr/bin/xcrun


----------

Sat Oct 24 2020 15:13:52 GMT-0400 (Eastern Daylight Time)

xcrun: error: invalid active developer path (/Library/Developer/CommandLineTools), missing xcrun at: /Library/Developer/CommandLineTools/usr/bin/xcrun


----------

Sat Oct 24 2020 15:13:52 GMT-0400 (Eastern Daylight Time)

xcrun: error: invalid active developer path (/Library/Developer/CommandLineTools), missing xcrun at: /Library/Developer/CommandLineTools/usr/bin/xcrun
xcrun: error: invalid active developer path (/Library/Developer/CommandLineTools), missing xcrun at: /Library/Developer/CommandLineTools/usr/bin/xcrun


----------

Sat Oct 24 2020 17:00:55 GMT-0400 (Eastern Daylight Time)

xcrun: error: invalid active developer path (/Library/Developer/CommandLineTools), missing xcrun at: /Library/Developer/CommandLineTools/usr/bin/xcrun


----------

Sat Oct 24 2020 17:00:55 GMT-0400 (Eastern Daylight Time)

xcrun: error: invalid active developer path (/Library/Developer/CommandLineTools), missing xcrun at: /Library/Developer/CommandLineTools/usr/bin/xcrun


----------

Sat Oct 24 2020 17:00:55 GMT-0400 (Eastern Daylight Time)

xcrun: error: invalid active developer path (/Library/Developer/CommandLineTools), missing xcrun at: /Library/Developer/CommandLineTools/usr/bin/xcrun


----------

Sun Oct 25 2020 23:08:51 GMT-0400 (Eastern Daylight Time)

xcrun: error: invalid active developer path (/Library/Developer/CommandLineTools), missing xcrun at: /Library/Developer/CommandLineTools/usr/bin/xcrun


----------

Sun Oct 25 2020 23:08:51 GMT-0400 (Eastern Daylight Time)

xcrun: error: invalid active developer path (/Library/Developer/CommandLineTools), missing xcrun at: /Library/Developer/CommandLineTools/usr/bin/xcrun


----------

Sun Oct 25 2020 23:08:51 GMT-0400 (Eastern Daylight Time)

xcrun: error: invalid active developer path (/Library/Developer/CommandLineTools), missing xcrun at: /Library/Developer/CommandLineTools/usr/bin/xcrun


----------

Sat Dec 05 2020 22:49:46 GMT-0500 (Eastern Standard Time)

xcrun: error: invalid active developer path (/Library/Developer/CommandLineTools), missing xcrun at: /Library/Developer/CommandLineTools/usr/bin/xcrun


----------

Sat Dec 05 2020 22:49:46 GMT-0500 (Eastern Standard Time)

xcrun: error: invalid active developer path (/Library/Developer/CommandLineTools), missing xcrun at: /Library/Developer/CommandLineTools/usr/bin/xcrun
xcrun: error: invalid active developer path (/Library/Developer/CommandLineTools), missing xcrun at: /Library/Developer/CommandLineTools/usr/bin/xcrun


----------

Mon Dec 07 2020 20:07:54 GMT-0500 (Eastern Standard Time)

xcrun: error: invalid active developer path (/Library/Developer/CommandLineTools), missing xcrun at: /Library/Developer/CommandLineTools/usr/bin/xcrun


----------

Mon Dec 07 2020 20:07:54 GMT-0500 (Eastern Standard Time)

xcrun: error: invalid active developer path (/Library/Developer/CommandLineTools), missing xcrun at: /Library/Developer/CommandLineTools/usr/bin/xcrun


----------

Mon Dec 07 2020 20:07:54 GMT-0500 (Eastern Standard Time)

xcrun: error: invalid active developer path (/Library/Developer/CommandLineTools), missing xcrun at: /Library/Developer/CommandLineTools/usr/bin/xcrun


----------

Mon Jun 21 2021 11:19:16 GMT-0400 (Eastern Daylight Time)

xcrun: error: invalid active developer path (/Library/Developer/CommandLineTools), missing xcrun at: /Library/Developer/CommandLineTools/usr/bin/xcrun


----------

Mon Jun 21 2021 11:19:16 GMT-0400 (Eastern Daylight Time)

xcrun: error: invalid active developer path (/Library/Developer/CommandLineTools), missing xcrun at: /Library/Developer/CommandLineTools/usr/bin/xcrun


----------

Mon Jun 21 2021 11:19:16 GMT-0400 (Eastern Daylight Time)

xcrun: error: invalid active developer path (/Library/Developer/CommandLineTools), missing xcrun at: /Library/Developer/CommandLineTools/usr/bin/xcrun


----------

Tue Jun 22 2021 23:47:53 GMT-0400 (Eastern Daylight Time)

xcrun: error: invalid active developer path (/Library/Developer/CommandLineTools), missing xcrun at: /Library/Developer/CommandLineTools/usr/bin/xcrun


----------

Tue Jun 22 2021 23:47:53 GMT-0400 (Eastern Daylight Time)

xcrun: error: invalid active developer path (/Library/Developer/CommandLineTools), missing xcrun at: /Library/Developer/CommandLineTools/usr/bin/xcrun


----------

Tue Jun 22 2021 23:47:53 GMT-0400 (Eastern Daylight Time)

xcrun: error: invalid active developer path (/Library/Developer/CommandLineTools), missing xcrun at: /Library/Developer/CommandLineTools/usr/bin/xcrun


----------

Wed Jun 23 2021 15:56:28 GMT-0400 (Eastern Daylight Time)

xcrun: error: invalid active developer path (/Library/Developer/CommandLineTools), missing xcrun at: /Library/Developer/CommandLineTools/usr/bin/xcrun


----------

Wed Jun 23 2021 15:56:28 GMT-0400 (Eastern Daylight Time)

xcrun: error: invalid active developer path (/Library/Developer/CommandLineTools), missing xcrun at: /Library/Developer/CommandLineTools/usr/bin/xcrun


----------

Wed Jun 23 2021 15:56:28 GMT-0400 (Eastern Daylight Time)

xcrun: error: invalid active developer path (/Library/Developer/CommandLineTools), missing xcrun at: /Library/Developer/CommandLineTools/usr/bin/xcrun


----------

Wed Jun 23 2021 15:57:30 GMT-0400 (Eastern Daylight Time)

xcrun: error: invalid active developer path (/Library/Developer/CommandLineTools), missing xcrun at: /Library/Developer/CommandLineTools/usr/bin/xcrun


----------

Wed Jun 23 2021 15:57:30 GMT-0400 (Eastern Daylight Time)

xcrun: error: invalid active developer path (/Library/Developer/CommandLineTools), missing xcrun at: /Library/Developer/CommandLineTools/usr/bin/xcrun


----------

Wed Jun 23 2021 15:57:30 GMT-0400 (Eastern Daylight Time)

xcrun: error: invalid active developer path (/Library/Developer/CommandLineTools), missing xcrun at: /Library/Developer/CommandLineTools/usr/bin/xcrun


----------

Wed Jun 23 2021 15:57:36 GMT-0400 (Eastern Daylight Time)

xcrun: error: invalid active developer path (/Library/Developer/CommandLineTools), missing xcrun at: /Library/Developer/CommandLineTools/usr/bin/xcrun


----------

Wed Jun 23 2021 15:57:36 GMT-0400 (Eastern Daylight Time)

xcrun: error: invalid active developer path (/Library/Developer/CommandLineTools), missing xcrun at: /Library/Developer/CommandLineTools/usr/bin/xcrun


----------

Wed Jun 23 2021 15:57:36 GMT-0400 (Eastern Daylight Time)

xcrun: error: invalid active developer path (/Library/Developer/CommandLineTools), missing xcrun at: /Library/Developer/CommandLineTools/usr/bin/xcrun


----------

Wed Jun 23 2021 23:28:26 GMT-0400 (Eastern Daylight Time)

xcrun: error: invalid active developer path (/Library/Developer/CommandLineTools), missing xcrun at: /Library/Developer/CommandLineTools/usr/bin/xcrun


----------

Wed Jun 23 2021 23:28:26 GMT-0400 (Eastern Daylight Time)

xcrun: error: invalid active developer path (/Library/Developer/CommandLineTools), missing xcrun at: /Library/Developer/CommandLineTools/usr/bin/xcrun


----------

Wed Jun 23 2021 23:28:26 GMT-0400 (Eastern Daylight Time)

xcrun: error: invalid active developer path (/Library/Developer/CommandLineTools), missing xcrun at: /Library/Developer/CommandLineTools/usr/bin/xcrun


----------

Thu Jun 24 2021 00:25:51 GMT-0400 (Eastern Daylight Time)

xcrun: error: invalid active developer path (/Library/Developer/CommandLineTools), missing xcrun at: /Library/Developer/CommandLineTools/usr/bin/xcrun


----------

Thu Jun 24 2021 00:25:51 GMT-0400 (Eastern Daylight Time)

xcrun: error: invalid active developer path (/Library/Developer/CommandLineTools), missing xcrun at: /Library/Developer/CommandLineTools/usr/bin/xcrun


----------

Thu Jun 24 2021 00:25:51 GMT-0400 (Eastern Daylight Time)

xcrun: error: invalid active developer path (/Library/Developer/CommandLineTools), missing xcrun at: /Library/Developer/CommandLineTools/usr/bin/xcrun


----------

Thu Jun 24 2021 16:29:29 GMT-0400 (Eastern Daylight Time)

xcrun: error: invalid active developer path (/Library/Developer/CommandLineTools), missing xcrun at: /Library/Developer/CommandLineTools/usr/bin/xcrun


----------

Thu Jun 24 2021 16:29:29 GMT-0400 (Eastern Daylight Time)

xcrun: error: invalid active developer path (/Library/Developer/CommandLineTools), missing xcrun at: /Library/Developer/CommandLineTools/usr/bin/xcrun


----------

Thu Jun 24 2021 16:29:29 GMT-0400 (Eastern Daylight Time)

xcrun: error: invalid active developer path (/Library/Developer/CommandLineTools), missing xcrun at: /Library/Developer/CommandLineTools/usr/bin/xcrun


----------

Thu Jun 24 2021 23:03:48 GMT-0400 (Eastern Daylight Time)

xcrun: error: invalid active developer path (/Library/Developer/CommandLineTools), missing xcrun at: /Library/Developer/CommandLineTools/usr/bin/xcrun


----------

Thu Jun 24 2021 23:03:48 GMT-0400 (Eastern Daylight Time)

xcrun: error: invalid active developer path (/Library/Developer/CommandLineTools), missing xcrun at: /Library/Developer/CommandLineTools/usr/bin/xcrun


----------

Thu Jun 24 2021 23:03:48 GMT-0400 (Eastern Daylight Time)

xcrun: error: invalid active developer path (/Library/Developer/CommandLineTools), missing xcrun at: /Library/Developer/CommandLineTools/usr/bin/xcrun


----------

Thu Jun 24 2021 23:03:58 GMT-0400 (Eastern Daylight Time)

xcrun: error: invalid active developer path (/Library/Developer/CommandLineTools), missing xcrun at: /Library/Developer/CommandLineTools/usr/bin/xcrun


----------

Thu Jun 24 2021 23:03:58 GMT-0400 (Eastern Daylight Time)

xcrun: error: invalid active developer path (/Library/Developer/CommandLineTools), missing xcrun at: /Library/Developer/CommandLineTools/usr/bin/xcrun


----------

Thu Jun 24 2021 23:03:58 GMT-0400 (Eastern Daylight Time)

xcrun: error: invalid active developer path (/Library/Developer/CommandLineTools), missing xcrun at: /Library/Developer/CommandLineTools/usr/bin/xcrun


----------

Thu Jun 24 2021 23:41:25 GMT-0400 (Eastern Daylight Time)

xcrun: error: invalid active developer path (/Library/Developer/CommandLineTools), missing xcrun at: /Library/Developer/CommandLineTools/usr/bin/xcrun


----------

Thu Jun 24 2021 23:41:25 GMT-0400 (Eastern Daylight Time)

xcrun: error: invalid active developer path (/Library/Developer/CommandLineTools), missing xcrun at: /Library/Developer/CommandLineTools/usr/bin/xcrun


----------

Thu Jun 24 2021 23:41:25 GMT-0400 (Eastern Daylight Time)

xcrun: error: invalid active developer path (/Library/Developer/CommandLineTools), missing xcrun at: /Library/Developer/CommandLineTools/usr/bin/xcrun


----------

Thu Jun 24 2021 23:41:47 GMT-0400 (Eastern Daylight Time)

xcrun: error: invalid active developer path (/Library/Developer/CommandLineTools), missing xcrun at: /Library/Developer/CommandLineTools/usr/bin/xcrun


----------

Thu Jun 24 2021 23:41:47 GMT-0400 (Eastern Daylight Time)

xcrun: error: invalid active developer path (/Library/Developer/CommandLineTools), missing xcrun at: /Library/Developer/CommandLineTools/usr/bin/xcrun


----------

Thu Jun 24 2021 23:41:47 GMT-0400 (Eastern Daylight Time)

xcrun: error: invalid active developer path (/Library/Developer/CommandLineTools), missing xcrun at: /Library/Developer/CommandLineTools/usr/bin/xcrun


----------

Fri Jun 25 2021 16:02:14 GMT-0400 (Eastern Daylight Time)

xcrun: error: invalid active developer path (/Library/Developer/CommandLineTools), missing xcrun at: /Library/Developer/CommandLineTools/usr/bin/xcrun


----------

Fri Jun 25 2021 16:02:14 GMT-0400 (Eastern Daylight Time)

xcrun: error: invalid active developer path (/Library/Developer/CommandLineTools), missing xcrun at: /Library/Developer/CommandLineTools/usr/bin/xcrun


----------

Fri Jun 25 2021 16:02:14 GMT-0400 (Eastern Daylight Time)

xcrun: error: invalid active developer path (/Library/Developer/CommandLineTools), missing xcrun at: /Library/Developer/CommandLineTools/usr/bin/xcrun


----------

Fri Jun 25 2021 16:21:07 GMT-0400 (Eastern Daylight Time)

xcrun: error: invalid active developer path (/Library/Developer/CommandLineTools), missing xcrun at: /Library/Developer/CommandLineTools/usr/bin/xcrun


----------

Fri Jun 25 2021 16:21:07 GMT-0400 (Eastern Daylight Time)

xcrun: error: invalid active developer path (/Library/Developer/CommandLineTools), missing xcrun at: /Library/Developer/CommandLineTools/usr/bin/xcrun


----------

Fri Jun 25 2021 16:21:07 GMT-0400 (Eastern Daylight Time)

xcrun: error: invalid active developer path (/Library/Developer/CommandLineTools), missing xcrun at: /Library/Developer/CommandLineTools/usr/bin/xcrun


----------

Fri Jun 25 2021 19:07:10 GMT-0400 (Eastern Daylight Time)

xcrun: error: invalid active developer path (/Library/Developer/CommandLineTools), missing xcrun at: /Library/Developer/CommandLineTools/usr/bin/xcrun


----------

Fri Jun 25 2021 19:07:10 GMT-0400 (Eastern Daylight Time)

xcrun: error: invalid active developer path (/Library/Developer/CommandLineTools), missing xcrun at: /Library/Developer/CommandLineTools/usr/bin/xcrun


----------

Fri Jun 25 2021 19:07:10 GMT-0400 (Eastern Daylight Time)

xcrun: error: invalid active developer path (/Library/Developer/CommandLineTools), missing xcrun at: /Library/Developer/CommandLineTools/usr/bin/xcrun


----------

Tue Jun 29 2021 23:28:30 GMT-0400 (Eastern Daylight Time)

xcrun: error: invalid active developer path (/Library/Developer/CommandLineTools), missing xcrun at: /Library/Developer/CommandLineTools/usr/bin/xcrun


----------

Tue Jun 29 2021 23:28:30 GMT-0400 (Eastern Daylight Time)

xcrun: error: invalid active developer path (/Library/Developer/CommandLineTools), missing xcrun at: /Library/Developer/CommandLineTools/usr/bin/xcrun
xcrun: error: invalid active developer path (/Library/Developer/CommandLineTools), missing xcrun at: /Library/Developer/CommandLineTools/usr/bin/xcrun


----------

Tue Jun 29 2021 23:59:40 GMT-0400 (Eastern Daylight Time)

xcrun: error: invalid active developer path (/Library/Developer/CommandLineTools), missing xcrun at: /Library/Developer/CommandLineTools/usr/bin/xcrun


----------

Tue Jun 29 2021 23:59:40 GMT-0400 (Eastern Daylight Time)

xcrun: error: invalid active developer path (/Library/Developer/CommandLineTools), missing xcrun at: /Library/Developer/CommandLineTools/usr/bin/xcrun


----------

Tue Jun 29 2021 23:59:40 GMT-0400 (Eastern Daylight Time)

xcrun: error: invalid active developer path (/Library/Developer/CommandLineTools), missing xcrun at: /Library/Developer/CommandLineTools/usr/bin/xcrun


----------

Wed Jun 30 2021 12:50:58 GMT-0400 (Eastern Daylight Time)

xcrun: error: invalid active developer path (/Library/Developer/CommandLineTools), missing xcrun at: /Library/Developer/CommandLineTools/usr/bin/xcrun


----------

Wed Jun 30 2021 12:50:58 GMT-0400 (Eastern Daylight Time)

xcrun: error: invalid active developer path (/Library/Developer/CommandLineTools), missing xcrun at: /Library/Developer/CommandLineTools/usr/bin/xcrun


----------

Wed Jun 30 2021 12:50:58 GMT-0400 (Eastern Daylight Time)

xcrun: error: invalid active developer path (/Library/Developer/CommandLineTools), missing xcrun at: /Library/Developer/CommandLineTools/usr/bin/xcrun


----------

Wed Jun 30 2021 16:12:00 GMT-0400 (Eastern Daylight Time)

xcrun: error: invalid active developer path (/Library/Developer/CommandLineTools), missing xcrun at: /Library/Developer/CommandLineTools/usr/bin/xcrun


----------

Wed Jun 30 2021 16:12:00 GMT-0400 (Eastern Daylight Time)

xcrun: error: invalid active developer path (/Library/Developer/CommandLineTools), missing xcrun at: /Library/Developer/CommandLineTools/usr/bin/xcrun


----------

Wed Jun 30 2021 16:12:00 GMT-0400 (Eastern Daylight Time)

xcrun: error: invalid active developer path (/Library/Developer/CommandLineTools), missing xcrun at: /Library/Developer/CommandLineTools/usr/bin/xcrun


----------

Mon Jul 05 2021 01:09:16 GMT-0400 (Eastern Daylight Time)

xcrun: error: invalid active developer path (/Library/Developer/CommandLineTools), missing xcrun at: /Library/Developer/CommandLineTools/usr/bin/xcrun


----------

Mon Jul 05 2021 01:09:17 GMT-0400 (Eastern Daylight Time)

xcrun: error: invalid active developer path (/Library/Developer/CommandLineTools), missing xcrun at: /Library/Developer/CommandLineTools/usr/bin/xcrun


----------

Mon Jul 05 2021 01:09:17 GMT-0400 (Eastern Daylight Time)

xcrun: error: invalid active developer path (/Library/Developer/CommandLineTools), missing xcrun at: /Library/Developer/CommandLineTools/usr/bin/xcrun


----------

Mon Jul 05 2021 16:28:08 GMT-0400 (Eastern Daylight Time)

xcrun: error: invalid active developer path (/Library/Developer/CommandLineTools), missing xcrun at: /Library/Developer/CommandLineTools/usr/bin/xcrun


----------

Mon Jul 05 2021 16:28:09 GMT-0400 (Eastern Daylight Time)

xcrun: error: invalid active developer path (/Library/Developer/CommandLineTools), missing xcrun at: /Library/Developer/CommandLineTools/usr/bin/xcrun


----------

Mon Jul 05 2021 16:28:09 GMT-0400 (Eastern Daylight Time)

xcrun: error: invalid active developer path (/Library/Developer/CommandLineTools), missing xcrun at: /Library/Developer/CommandLineTools/usr/bin/xcrun


----------

Mon Jul 05 2021 18:59:13 GMT-0400 (Eastern Daylight Time)

xcrun: error: invalid active developer path (/Library/Developer/CommandLineTools), missing xcrun at: /Library/Developer/CommandLineTools/usr/bin/xcrun


----------

Mon Jul 05 2021 18:59:13 GMT-0400 (Eastern Daylight Time)

xcrun: error: invalid active developer path (/Library/Developer/CommandLineTools), missing xcrun at: /Library/Developer/CommandLineTools/usr/bin/xcrun


----------

Mon Jul 05 2021 18:59:13 GMT-0400 (Eastern Daylight Time)

xcrun: error: invalid active developer path (/Library/Developer/CommandLineTools), missing xcrun at: /Library/Developer/CommandLineTools/usr/bin/xcrun


----------

Mon Jul 05 2021 19:56:45 GMT-0400 (Eastern Daylight Time)

xcrun: error: invalid active developer path (/Library/Developer/CommandLineTools), missing xcrun at: /Library/Developer/CommandLineTools/usr/bin/xcrun


----------

Mon Jul 05 2021 19:56:45 GMT-0400 (Eastern Daylight Time)

xcrun: error: invalid active developer path (/Library/Developer/CommandLineTools), missing xcrun at: /Library/Developer/CommandLineTools/usr/bin/xcrun


----------

Mon Jul 05 2021 19:56:45 GMT-0400 (Eastern Daylight Time)

xcrun: error: invalid active developer path (/Library/Developer/CommandLineTools), missing xcrun at: /Library/Developer/CommandLineTools/usr/bin/xcrun


----------

Mon Jul 05 2021 20:57:54 GMT-0400 (Eastern Daylight Time)

xcrun: error: invalid active developer path (/Library/Developer/CommandLineTools), missing xcrun at: /Library/Developer/CommandLineTools/usr/bin/xcrun


----------

Mon Jul 05 2021 20:57:54 GMT-0400 (Eastern Daylight Time)

xcrun: error: invalid active developer path (/Library/Developer/CommandLineTools), missing xcrun at: /Library/Developer/CommandLineTools/usr/bin/xcrun


----------

Mon Jul 05 2021 20:57:54 GMT-0400 (Eastern Daylight Time)

xcrun: error: invalid active developer path (/Library/Developer/CommandLineTools), missing xcrun at: /Library/Developer/CommandLineTools/usr/bin/xcrun


----------

Mon Jul 05 2021 21:20:55 GMT-0400 (Eastern Daylight Time)

xcrun: error: invalid active developer path (/Library/Developer/CommandLineTools), missing xcrun at: /Library/Developer/CommandLineTools/usr/bin/xcrun


----------

Mon Jul 05 2021 21:20:55 GMT-0400 (Eastern Daylight Time)

xcrun: error: invalid active developer path (/Library/Developer/CommandLineTools), missing xcrun at: /Library/Developer/CommandLineTools/usr/bin/xcrun


----------

Mon Jul 05 2021 21:20:55 GMT-0400 (Eastern Daylight Time)

xcrun: error: invalid active developer path (/Library/Developer/CommandLineTools), missing xcrun at: /Library/Developer/CommandLineTools/usr/bin/xcrun


----------

Mon Jul 05 2021 21:53:25 GMT-0400 (Eastern Daylight Time)

xcrun: error: invalid active developer path (/Library/Developer/CommandLineTools), missing xcrun at: /Library/Developer/CommandLineTools/usr/bin/xcrun


----------

Mon Jul 05 2021 21:53:25 GMT-0400 (Eastern Daylight Time)

xcrun: error: invalid active developer path (/Library/Developer/CommandLineTools), missing xcrun at: /Library/Developer/CommandLineTools/usr/bin/xcrun


----------

Mon Jul 05 2021 21:53:25 GMT-0400 (Eastern Daylight Time)

xcrun: error: invalid active developer path (/Library/Developer/CommandLineTools), missing xcrun at: /Library/Developer/CommandLineTools/usr/bin/xcrun


----------

Mon Jul 05 2021 22:22:47 GMT-0400 (Eastern Daylight Time)

xcrun: error: invalid active developer path (/Library/Developer/CommandLineTools), missing xcrun at: /Library/Developer/CommandLineTools/usr/bin/xcrun


----------

Mon Jul 05 2021 22:22:47 GMT-0400 (Eastern Daylight Time)

xcrun: error: invalid active developer path (/Library/Developer/CommandLineTools), missing xcrun at: /Library/Developer/CommandLineTools/usr/bin/xcrun


----------

Mon Jul 05 2021 22:22:47 GMT-0400 (Eastern Daylight Time)

xcrun: error: invalid active developer path (/Library/Developer/CommandLineTools), missing xcrun at: /Library/Developer/CommandLineTools/usr/bin/xcrun


----------

Sat Jul 10 2021 10:01:04 GMT-0400 (Eastern Daylight Time)

xcrun: error: invalid active developer path (/Library/Developer/CommandLineTools), missing xcrun at: /Library/Developer/CommandLineTools/usr/bin/xcrun


----------

Sat Jul 10 2021 10:01:04 GMT-0400 (Eastern Daylight Time)

xcrun: error: invalid active developer path (/Library/Developer/CommandLineTools), missing xcrun at: /Library/Developer/CommandLineTools/usr/bin/xcrun


----------

Sat Jul 10 2021 10:01:04 GMT-0400 (Eastern Daylight Time)

xcrun: error: invalid active developer path (/Library/Developer/CommandLineTools), missing xcrun at: /Library/Developer/CommandLineTools/usr/bin/xcrun


----------

Sat Jul 10 2021 10:29:32 GMT-0400 (Eastern Daylight Time)

xcrun: error: invalid active developer path (/Library/Developer/CommandLineTools), missing xcrun at: /Library/Developer/CommandLineTools/usr/bin/xcrun


----------

Sat Jul 10 2021 10:29:32 GMT-0400 (Eastern Daylight Time)

xcrun: error: invalid active developer path (/Library/Developer/CommandLineTools), missing xcrun at: /Library/Developer/CommandLineTools/usr/bin/xcrun


----------

Sat Jul 10 2021 10:29:32 GMT-0400 (Eastern Daylight Time)

xcrun: error: invalid active developer path (/Library/Developer/CommandLineTools), missing xcrun at: /Library/Developer/CommandLineTools/usr/bin/xcrun


----------

Sat Jul 10 2021 13:40:16 GMT-0400 (Eastern Daylight Time)

xcrun: error: invalid active developer path (/Library/Developer/CommandLineTools), missing xcrun at: /Library/Developer/CommandLineTools/usr/bin/xcrun


----------

Sat Jul 10 2021 13:40:16 GMT-0400 (Eastern Daylight Time)

xcrun: error: invalid active developer path (/Library/Developer/CommandLineTools), missing xcrun at: /Library/Developer/CommandLineTools/usr/bin/xcrun


----------

Sat Jul 10 2021 13:40:16 GMT-0400 (Eastern Daylight Time)

xcrun: error: invalid active developer path (/Library/Developer/CommandLineTools), missing xcrun at: /Library/Developer/CommandLineTools/usr/bin/xcrun


----------

Sat Jul 24 2021 15:45:33 GMT-0400 (Eastern Daylight Time)

xcrun: error: invalid active developer path (/Library/Developer/CommandLineTools), missing xcrun at: /Library/Developer/CommandLineTools/usr/bin/xcrun


----------

Sat Jul 24 2021 15:45:33 GMT-0400 (Eastern Daylight Time)

xcrun: error: invalid active developer path (/Library/Developer/CommandLineTools), missing xcrun at: /Library/Developer/CommandLineTools/usr/bin/xcrun
xcrun: error: invalid active developer path (/Library/Developer/CommandLineTools), missing xcrun at: /Library/Developer/CommandLineTools/usr/bin/xcrun


----------

Sat Jul 24 2021 15:53:59 GMT-0400 (Eastern Daylight Time)

xcrun: error: invalid active developer path (/Library/Developer/CommandLineTools), missing xcrun at: /Library/Developer/CommandLineTools/usr/bin/xcrun


----------

Sat Jul 24 2021 15:53:59 GMT-0400 (Eastern Daylight Time)

xcrun: error: invalid active developer path (/Library/Developer/CommandLineTools), missing xcrun at: /Library/Developer/CommandLineTools/usr/bin/xcrun


----------

Sat Jul 24 2021 15:54:00 GMT-0400 (Eastern Daylight Time)

xcrun: error: invalid active developer path (/Library/Developer/CommandLineTools), missing xcrun at: /Library/Developer/CommandLineTools/usr/bin/xcrun


----------

Tue Aug 03 2021 22:19:43 GMT-0400 (Eastern Daylight Time)

xcrun: error: invalid active developer path (/Library/Developer/CommandLineTools), missing xcrun at: /Library/Developer/CommandLineTools/usr/bin/xcrun


----------

Tue Aug 03 2021 22:19:43 GMT-0400 (Eastern Daylight Time)

xcrun: error: invalid active developer path (/Library/Developer/CommandLineTools), missing xcrun at: /Library/Developer/CommandLineTools/usr/bin/xcrun


----------

Tue Aug 03 2021 22:19:43 GMT-0400 (Eastern Daylight Time)

xcrun: error: invalid active developer path (/Library/Developer/CommandLineTools), missing xcrun at: /Library/Developer/CommandLineTools/usr/bin/xcrun


----------

Thu Aug 05 2021 17:32:35 GMT-0400 (Eastern Daylight Time)

xcrun: error: invalid active developer path (/Library/Developer/CommandLineTools), missing xcrun at: /Library/Developer/CommandLineTools/usr/bin/xcrun


----------

Thu Aug 05 2021 17:32:35 GMT-0400 (Eastern Daylight Time)

xcrun: error: invalid active developer path (/Library/Developer/CommandLineTools), missing xcrun at: /Library/Developer/CommandLineTools/usr/bin/xcrun


----------

Thu Aug 05 2021 17:32:35 GMT-0400 (Eastern Daylight Time)

xcrun: error: invalid active developer path (/Library/Developer/CommandLineTools), missing xcrun at: /Library/Developer/CommandLineTools/usr/bin/xcrun


----------

Thu Aug 05 2021 17:34:16 GMT-0400 (Eastern Daylight Time)

xcrun: error: invalid active developer path (/Library/Developer/CommandLineTools), missing xcrun at: /Library/Developer/CommandLineTools/usr/bin/xcrun


----------

Thu Aug 05 2021 17:34:16 GMT-0400 (Eastern Daylight Time)

xcrun: error: invalid active developer path (/Library/Developer/CommandLineTools), missing xcrun at: /Library/Developer/CommandLineTools/usr/bin/xcrun


----------

Thu Aug 05 2021 17:34:16 GMT-0400 (Eastern Daylight Time)

xcrun: error: invalid active developer path (/Library/Developer/CommandLineTools), missing xcrun at: /Library/Developer/CommandLineTools/usr/bin/xcrun


----------

Thu Aug 05 2021 17:34:23 GMT-0400 (Eastern Daylight Time)

xcrun: error: invalid active developer path (/Library/Developer/CommandLineTools), missing xcrun at: /Library/Developer/CommandLineTools/usr/bin/xcrun


----------

Thu Aug 05 2021 17:34:23 GMT-0400 (Eastern Daylight Time)

xcrun: error: invalid active developer path (/Library/Developer/CommandLineTools), missing xcrun at: /Library/Developer/CommandLineTools/usr/bin/xcrun


----------

Thu Aug 05 2021 17:34:23 GMT-0400 (Eastern Daylight Time)

xcrun: error: invalid active developer path (/Library/Developer/CommandLineTools), missing xcrun at: /Library/Developer/CommandLineTools/usr/bin/xcrun


